\BOOKMARK [1][-]{section.1}{\376\377\116\343\170\001\176\323\147\204}{}% 1
\BOOKMARK [2][-]{subsection.1.1}{\376\377\000j\000a\000v\000a\220\350\122\006}{section.1}% 2
\BOOKMARK [2][-]{subsection.1.2}{\376\377\000p\000y\000t\000h\000o\000n\220\350\122\006}{section.1}% 3
\BOOKMARK [1][-]{section.2}{\376\377\121\167\117\123\133\236\163\260}{}% 4
\BOOKMARK [2][-]{subsection.2.1}{\376\377\122\115\172\357\121\167\117\123\133\236\163\260}{section.2}% 5
\BOOKMARK [3][-]{subsubsection.2.1.1}{\376\377\122\035\131\313\165\114\227\142}{subsection.2.1}% 6
\BOOKMARK [3][-]{subsubsection.2.1.2}{\376\377\116\073\165\114\227\142}{subsection.2.1}% 7
\BOOKMARK [3][-]{subsubsection.2.1.3}{\376\377\213\276\177\156\122\006\174\173\122\027\210\150\165\114\227\142}{subsection.2.1}% 8
\BOOKMARK [3][-]{subsubsection.2.1.4}{\376\377\123\357\211\306\123\026\165\114\227\142}{subsection.2.1}% 9
\BOOKMARK [3][-]{subsubsection.2.1.5}{\376\377\145\260\225\373\153\143\145\207\165\114\227\142}{subsection.2.1}% 10
\BOOKMARK [3][-]{subsubsection.2.1.6}{\376\377\137\002\153\145\122\240\217\175\116\016\173\111\137\205\122\250\165\073}{subsection.2.1}% 11
\BOOKMARK [3][-]{subsubsection.2.1.7}{\376\377\137\256\123\132\116\016\137\256\117\341\122\006\116\253}{subsection.2.1}% 12
\BOOKMARK [2][-]{subsection.2.2}{\376\377\124\016\172\357\121\167\117\123\133\236\163\260}{section.2}% 13
\BOOKMARK [3][-]{subsubsection.2.2.1}{\376\377\145\260\225\373\122\027\210\150\203\267\123\326}{subsection.2.2}% 14
\BOOKMARK [3][-]{subsubsection.2.2.2}{\376\377\123\206\123\362\213\260\137\125\133\130\120\250}{subsection.2.2}% 15
\BOOKMARK [3][-]{subsubsection.2.2.3}{\376\377\145\260\225\373\144\034\175\042}{subsection.2.2}% 16
\BOOKMARK [3][-]{subsubsection.2.2.4}{\376\377\165\253\140\305\145\160\143\156\203\267\123\326}{subsection.2.2}% 17
\BOOKMARK [3][-]{subsubsection.2.2.5}{\376\377\133\146\200\005\117\341\140\157\203\267\123\326}{subsection.2.2}% 18
\BOOKMARK [3][-]{subsubsection.2.2.6}{\376\377\133\236\117\123\144\034\175\042}{subsection.2.2}% 19
\BOOKMARK [2][-]{subsection.2.3}{\376\377\200\132\174\173\173\227\154\325\133\236\163\260}{section.2}% 20
\BOOKMARK [1][-]{section.3}{\376\377\140\073\176\323\116\016\137\303\137\227}{}% 21
\BOOKMARK [2][-]{subsection.3.1}{\376\377\122\115\172\357\377\032\177\127\137\010\150\142}{section.3}% 22
\BOOKMARK [2][-]{subsection.3.2}{\376\377\124\016\172\357\377\032\124\150\167\345\214\046}{section.3}% 23
\BOOKMARK [1][-]{section.4}{\376\377\123\302\200\003\215\104\145\231}{}% 24
